  stdafx.cpp
  main.cpp
c:\users\id student\source\repos\final project\final project\main.cpp(26): warning C4244: 'argument': conversion from '_Ty' to 'T', possible loss of data
          with
          [
              _Ty=int
          ]
          and
          [
              T=float
          ]
c:\users\id student\source\repos\final project\final project\main.cpp(27): warning C4244: 'argument': conversion from '_Ty' to 'T', possible loss of data
          with
          [
              _Ty=int
          ]
          and
          [
              T=float
          ]
sfml-graphics-s-d.lib(RenderStates.cpp.obj) : fatal error LNK1112: module machine type 'x64' conflicts with target machine type 'x86'
