  main.cpp
c:\users\id student\source\repos\final project\final project\hxlib.h(35): warning C4267: '=': conversion from 'size_t' to 'int', possible loss of data
c:\users\id student\source\repos\final project\final project\hxlib.h(39): warning C4267: '=': conversion from 'size_t' to 'int', possible loss of data
c:\users\id student\source\repos\final project\final project\main.cpp(96): warning C4244: 'argument': conversion from '_Ty' to 'T', possible loss of data
          with
          [
              _Ty=int
          ]
          and
          [
              T=float
          ]
c:\users\id student\source\repos\final project\final project\main.cpp(97): warning C4244: 'argument': conversion from '_Ty' to 'T', possible loss of data
          with
          [
              _Ty=int
          ]
          and
          [
              T=float
          ]
c:\users\id student\source\repos\final project\final project\main.cpp(116): warning C4244: 'argument': conversion from 'int' to 'T', possible loss of data
          with
          [
              T=float
          ]
c:\users\id student\source\repos\final project\final project\main.cpp(117): warning C4244: 'argument': conversion from 'int' to 'T', possible loss of data
          with
          [
              T=float
          ]
c:\users\id student\source\repos\final project\final project\main.cpp(118): warning C4244: 'argument': conversion from 'int' to 'T', possible loss of data
          with
          [
              T=float
          ]
c:\users\id student\source\repos\final project\final project\main.cpp(119): warning C4244: 'argument': conversion from 'int' to 'T', possible loss of data
          with
          [
              T=float
          ]
  Generating code
  1 of 927 functions ( 0.1%) were compiled, the rest were copied from previous compilation.
    0 functions were new in current compilation
    5 functions had inline decision re-evaluated but remain unchanged
  Finished generating code
  Final Project.vcxproj -> C:\Users\iD Student\source\repos\Final Project\x64\Release\Final Project.exe
